# JRE version: OpenJDK Runtime Environment (8.0_202-b03) (build 1.8.0_202-release-1483-b03)
# Java VM: OpenJDK 64-Bit Server VM (25.202-b03 mixed mode windows-amd64 compressed oops)
Heap:
 PSYoungGen      total 76288K, used 16799K [0x000000076b500000, 0x0000000774a00000, 0x00000007c0000000)
  eden space 65536K, 10% used [0x000000076b500000,0x000000076bb7c3e0,0x000000076f500000)
  from space 10752K, 94% used [0x000000076f500000,0x000000076feeb888,0x000000076ff80000)
  to   space 10752K, 0% used [0x0000000773f80000,0x0000000773f80000,0x0000000774a00000)
 ParOldGen       total 175104K, used 96K [0x00000006c1e00000, 0x00000006cc900000, 0x000000076b500000)
  object space 175104K, 0% used [0x00000006c1e00000,0x00000006c1e18010,0x00000006cc900000)
 Metaspace       used 9895K, capacity 9955K, committed 10112K, reserved 1058816K
  class space    used 788K, capacity 816K, committed 896K, reserved 1048576K
GC Heap History (6 events):
Event: 1.563 GC heap before
{Heap before GC invocations=1 (full 0):
 PSYoungGen      total 76288K, used 65536K [0x000000076b500000, 0x0000000770a00000, 0x00000007c0000000)
  eden space 65536K, 100% used [0x000000076b500000,0x000000076f500000,0x000000076f500000)
  from space 10752K, 0% used [0x000000076ff80000,0x000000076ff80000,0x0000000770a00000)
  to   space 10752K, 0% used [0x000000076f500000,0x000000076f500000,0x000000076ff80000)
 ParOldGen       total 175104K, used 0K [0x00000006c1e00000, 0x00000006cc900000, 0x000000076b500000)
  object space 175104K, 0% used [0x00000006c1e00000,0x00000006c1e00000,0x00000006cc900000)
 Metaspace       used 9776K, capacity 9891K, committed 10112K, reserved 1058816K
  class space    used 782K, capacity 816K, committed 896K, reserved 1048576K
Event: 1.567 GC heap after
Heap after GC invocations=1 (full 0):
 PSYoungGen      total 76288K, used 4708K [0x000000076b500000, 0x0000000770a00000, 0x00000007c0000000)
  eden space 65536K, 0% used [0x000000076b500000,0x000000076b500000,0x000000076f500000)
  from space 10752K, 43% used [0x000000076f500000,0x000000076f999340,0x000000076ff80000)
  to   space 10752K, 0% used [0x000000076ff80000,0x000000076ff80000,0x0000000770a00000)
 ParOldGen       total 175104K, used 80K [0x00000006c1e00000, 0x00000006cc900000, 0x000000076b500000)
  object space 175104K, 0% used [0x00000006c1e00000,0x00000006c1e14010,0x00000006cc900000)
 Metaspace       used 9776K, capacity 9891K, committed 10112K, reserved 1058816K
  class space    used 782K, capacity 816K, committed 896K, reserved 1048576K
}
Event: 1.626 GC heap before
{Heap before GC invocations=2 (full 0):
 PSYoungGen      total 76288K, used 69959K [0x000000076b500000, 0x0000000770a00000, 0x00000007c0000000)
  eden space 65536K, 99% used [0x000000076b500000,0x000000076f4b88f0,0x000000076f500000)
  from space 10752K, 43% used [0x000000076f500000,0x000000076f999340,0x000000076ff80000)
  to   space 10752K, 0% used [0x000000076ff80000,0x000000076ff80000,0x0000000770a00000)
 ParOldGen       total 175104K, used 80K [0x00000006c1e00000, 0x00000006cc900000, 0x000000076b500000)
  object space 175104K, 0% used [0x00000006c1e00000,0x00000006c1e14010,0x00000006cc900000)
 Metaspace       used 9818K, capacity 9955K, committed 10112K, reserved 1058816K
  class space    used 782K, capacity 816K, committed 896K, reserved 1048576K
Event: 1.632 GC heap after
Heap after GC invocations=2 (full 0):
 PSYoungGen      total 76288K, used 5646K [0x000000076b500000, 0x0000000774a00000, 0x00000007c0000000)
  eden space 65536K, 0% used [0x000000076b500000,0x000000076b500000,0x000000076f500000)
  from space 10752K, 52% used [0x000000076ff80000,0x0000000770503be0,0x0000000770a00000)
  to   space 10752K, 0% used [0x000000076f500000,0x000000076f500000,0x000000076ff80000)
 ParOldGen       total 175104K, used 88K [0x00000006c1e00000, 0x00000006cc900000, 0x000000076b500000)
  object space 175104K, 0% used [0x00000006c1e00000,0x00000006c1e16010,0x00000006cc900000)
 Metaspace       used 9818K, capacity 9955K, committed 10112K, reserved 1058816K
  class space    used 782K, capacity 816K, committed 896K, reserved 1048576K
}
Event: 1.679 GC heap before
{Heap before GC invocations=3 (full 0):
 PSYoungGen      total 76288K, used 69883K [0x000000076b500000, 0x0000000774a00000, 0x00000007c0000000)
  eden space 65536K, 98% used [0x000000076b500000,0x000000076f3bb078,0x000000076f500000)
  from space 10752K, 52% used [0x000000076ff80000,0x0000000770503be0,0x0000000770a00000)
  to   space 10752K, 0% used [0x000000076f500000,0x000000076f500000,0x000000076ff80000)
 ParOldGen       total 175104K, used 88K [0x00000006c1e00000, 0x00000006cc900000, 0x000000076b500000)
  object space 175104K, 0% used [0x00000006c1e00000,0x00000006c1e16010,0x00000006cc900000)
 Metaspace       used 9822K, capacity 9955K, committed 10112K, reserved 1058816K
  class space    used 782K, capacity 816K, committed 896K, reserved 1048576K
Event: 1.689 GC heap after
Heap after GC invocations=3 (full 0):
 PSYoungGen      total 76288K, used 10158K [0x000000076b500000, 0x0000000774a00000, 0x00000007c0000000)
  eden space 65536K, 0% used [0x000000076b500000,0x000000076b500000,0x000000076f500000)
  from space 10752K, 94% used [0x000000076f500000,0x000000076feeb888,0x000000076ff80000)
  to   space 10752K, 0% used [0x0000000773f80000,0x0000000773f80000,0x0000000774a00000)
 ParOldGen       total 175104K, used 96K [0x00000006c1e00000, 0x00000006cc900000, 0x000000076b500000)
  object space 175104K, 0% used [0x00000006c1e00000,0x00000006c1e18010,0x00000006cc900000)
 Metaspace       used 9822K, capacity 9955K, committed 10112K, reserved 1058816K
  class space    used 782K, capacity 816K, committed 896K, reserved 1048576K
}

