# JRE version: OpenJDK Runtime Environment (8.0_202-b03) (build 1.8.0_202-release-1483-b03)
# Java VM: OpenJDK 64-Bit Server VM (25.202-b03 mixed mode windows-amd64 compressed oops)
Heap:
 PSYoungGen      total 76288K, used 62507K [0x000000076b500000, 0x0000000770a00000, 0x00000007c0000000)
  eden space 65536K, 88% used [0x000000076b500000,0x000000076eda5968,0x000000076f500000)
  from space 10752K, 41% used [0x000000076f500000,0x000000076f965588,0x000000076ff80000)
  to   space 10752K, 0% used [0x000000076ff80000,0x000000076ff80000,0x0000000770a00000)
 ParOldGen       total 175104K, used 80K [0x00000006c1e00000, 0x00000006cc900000, 0x000000076b500000)
  object space 175104K, 0% used [0x00000006c1e00000,0x00000006c1e14010,0x00000006cc900000)
 Metaspace       used 9868K, capacity 9907K, committed 10112K, reserved 1058816K
  class space    used 789K, capacity 816K, committed 896K, reserved 1048576K
GC Heap History (2 events):
Event: 1.348 GC heap before
{Heap before GC invocations=1 (full 0):
 PSYoungGen      total 76288K, used 65536K [0x000000076b500000, 0x0000000770a00000, 0x00000007c0000000)
  eden space 65536K, 100% used [0x000000076b500000,0x000000076f500000,0x000000076f500000)
  from space 10752K, 0% used [0x000000076ff80000,0x000000076ff80000,0x0000000770a00000)
  to   space 10752K, 0% used [0x000000076f500000,0x000000076f500000,0x000000076ff80000)
 ParOldGen       total 175104K, used 0K [0x00000006c1e00000, 0x00000006cc900000, 0x000000076b500000)
  object space 175104K, 0% used [0x00000006c1e00000,0x00000006c1e00000,0x00000006cc900000)
 Metaspace       used 9752K, capacity 9843K, committed 10112K, reserved 1058816K
  class space    used 782K, capacity 816K, committed 896K, reserved 1048576K
Event: 1.353 GC heap after
Heap after GC invocations=1 (full 0):
 PSYoungGen      total 76288K, used 4501K [0x000000076b500000, 0x0000000770a00000, 0x00000007c0000000)
  eden space 65536K, 0% used [0x000000076b500000,0x000000076b500000,0x000000076f500000)
  from space 10752K, 41% used [0x000000076f500000,0x000000076f965588,0x000000076ff80000)
  to   space 10752K, 0% used [0x000000076ff80000,0x000000076ff80000,0x0000000770a00000)
 ParOldGen       total 175104K, used 80K [0x00000006c1e00000, 0x00000006cc900000, 0x000000076b500000)
  object space 175104K, 0% used [0x00000006c1e00000,0x00000006c1e14010,0x00000006cc900000)
 Metaspace       used 9752K, capacity 9843K, committed 10112K, reserved 1058816K
  class space    used 782K, capacity 816K, committed 896K, reserved 1048576K
}

# JRE version: OpenJDK Runtime Environment (8.0_202-b03) (build 1.8.0_202-release-1483-b03)
# Java VM: OpenJDK 64-Bit Server VM (25.202-b03 mixed mode windows-amd64 compressed oops)
Heap:
 PSYoungGen      total 76288K, used 62507K [0x000000076b500000, 0x0000000770a00000, 0x00000007c0000000)
  eden space 65536K, 88% used [0x000000076b500000,0x000000076eda5968,0x000000076f500000)
  from space 10752K, 41% used [0x000000076f500000,0x000000076f965588,0x000000076ff80000)
  to   space 10752K, 0% used [0x000000076ff80000,0x000000076ff80000,0x0000000770a00000)
 ParOldGen       total 175104K, used 80K [0x00000006c1e00000, 0x00000006cc900000, 0x000000076b500000)
  object space 175104K, 0% used [0x00000006c1e00000,0x00000006c1e14010,0x00000006cc900000)
 Metaspace       used 9868K, capacity 9907K, committed 10112K, reserved 1058816K
  class space    used 789K, capacity 816K, committed 896K, reserved 1048576K
GC Heap History (2 events):
Event: 1.348 GC heap before
{Heap before GC invocations=1 (full 0):
 PSYoungGen      total 76288K, used 65536K [0x000000076b500000, 0x0000000770a00000, 0x00000007c0000000)
  eden space 65536K, 100% used [0x000000076b500000,0x000000076f500000,0x000000076f500000)
  from space 10752K, 0% used [0x000000076ff80000,0x000000076ff80000,0x0000000770a00000)
  to   space 10752K, 0% used [0x000000076f500000,0x000000076f500000,0x000000076ff80000)
 ParOldGen       total 175104K, used 0K [0x00000006c1e00000, 0x00000006cc900000, 0x000000076b500000)
  object space 175104K, 0% used [0x00000006c1e00000,0x00000006c1e00000,0x00000006cc900000)
 Metaspace       used 9752K, capacity 9843K, committed 10112K, reserved 1058816K
  class space    used 782K, capacity 816K, committed 896K, reserved 1048576K
Event: 1.353 GC heap after
Heap after GC invocations=1 (full 0):
 PSYoungGen      total 76288K, used 4501K [0x000000076b500000, 0x0000000770a00000, 0x00000007c0000000)
  eden space 65536K, 0% used [0x000000076b500000,0x000000076b500000,0x000000076f500000)
  from space 10752K, 41% used [0x000000076f500000,0x000000076f965588,0x000000076ff80000)
  to   space 10752K, 0% used [0x000000076ff80000,0x000000076ff80000,0x0000000770a00000)
 ParOldGen       total 175104K, used 80K [0x00000006c1e00000, 0x00000006cc900000, 0x000000076b500000)
  object space 175104K, 0% used [0x00000006c1e00000,0x00000006c1e14010,0x00000006cc900000)
 Metaspace       used 9752K, capacity 9843K, committed 10112K, reserved 1058816K
  class space    used 782K, capacity 816K, committed 896K, reserved 1048576K
}

